<?xml version="1.0" encoding="UTF-8"?>
<!-- Generated by org.testng.reporters.JUnitReportReporter -->
<testsuite hostname="TYSS_MQAS" name="com.rmgYantra.tests.CreateEmployee" tests="1" failures="0" timestamp="27 Jun 2020 03:45:07 GMT" time="4.030" errors="0">
  <testcase name="createEmployee" time="4.030" classname="com.rmgYantra.tests.CreateEmployee"/>
</testsuite> <!-- com.rmgYantra.tests.CreateEmployee -->
