<?xml version="1.0" encoding="UTF-8"?>
<!-- Generated by org.testng.reporters.JUnitReportReporter -->
<testsuite hostname="TYSS_MQAS" name="rmgYantra_test_automation.CreateEmployee" tests="1" failures="0" timestamp="26 Jun 2020 15:46:01 GMT" time="3.500" errors="0">
  <testcase name="createEmployee" time="3.500" classname="rmgYantra_test_automation.CreateEmployee"/>
</testsuite> <!-- rmgYantra_test_automation.CreateEmployee -->
