<?xml version="1.0" encoding="UTF-8"?>
<!-- Generated by org.testng.reporters.JUnitReportReporter -->
<testsuite hostname="TYSS_MQAS" name="rmgYantra_test_automation.GetEmployee" tests="1" failures="0" timestamp="26 Jun 2020 15:49:37 GMT" time="3.536" errors="0">
  <testcase name="getSingleEmployee" time="3.536" classname="rmgYantra_test_automation.GetEmployee"/>
</testsuite> <!-- rmgYantra_test_automation.GetEmployee -->
